<?xml version="1.0" encoding="UTF-8"?>
<!-- Generated by org.testng.reporters.JUnitReportReporter -->
<testsuite hostname="Hasee-PC" name="SeleniumMavan.MyMavanProject.FirstMavenPrg" tests="1" failures="0" timestamp="26 Mar 2016 18:41:14 GMT" time="0.064" errors="0">
  <testcase name="demorun" time="0.064" classname="SeleniumMavan.MyMavanProject.FirstMavenPrg"/>
</testsuite> <!-- SeleniumMavan.MyMavanProject.FirstMavenPrg -->
