<?xml version="1.0" encoding="UTF-8"?>
<!-- Generated by org.testng.reporters.JUnitReportReporter -->
<testsuite hostname="Hasee-PC" name="SeleniumMavan.MyMavanProject.DropDownSearch" tests="1" failures="0" timestamp="5 Jun 2016 18:06:57 GMT" time="41.725" errors="0">
  <testcase name="GoogleDropDown" time="41.725" classname="SeleniumMavan.MyMavanProject.DropDownSearch"/>
</testsuite> <!-- SeleniumMavan.MyMavanProject.DropDownSearch -->
